[debug] [2020-04-26T14:27:57.842Z] ----------------------------------------------------------------------
[debug] [2020-04-26T14:27:57.845Z] Command:       C:\Program Files\nodejs\node.exe C:\Program Files\nodejs\node_modules\firebase-tools\lib\bin\firebase.js init
[debug] [2020-04-26T14:27:57.845Z] CLI Version:   8.1.1
[debug] [2020-04-26T14:27:57.845Z] Platform:      win32
[debug] [2020-04-26T14:27:57.845Z] Node Version:  v12.16.2
[debug] [2020-04-26T14:27:57.846Z] Time:          Sun Apr 26 2020 10:27:57 GMT-0400 (Eastern Daylight Time)
[debug] [2020-04-26T14:27:57.846Z] ----------------------------------------------------------------------
[debug] [2020-04-26T14:27:57.846Z] 
[debug] [2020-04-26T14:27:57.859Z] > command requires scopes: ["email","openid","https://www.googleapis.com/auth/cloudplatformprojects.readonly","https://www.googleapis.com/auth/firebase","https://www.googleapis.com/auth/cloud-platform"]
[debug] [2020-04-26T14:27:57.860Z] > authorizing via signed-in user
[info] 
     ######## #### ########  ######## ########     ###     ######  ########
     ##        ##  ##     ## ##       ##     ##  ##   ##  ##       ##
     ######    ##  ########  ######   ########  #########  ######  ######
     ##        ##  ##    ##  ##       ##     ## ##     ##       ## ##
     ##       #### ##     ## ######## ########  ##     ##  ######  ########

You're about to initialize a Firebase project in this directory:

  C:\dev\Projects\BlogPostApp1\blog-app-ui

Before we get started, keep in mind:

  * You are currently outside your home directory

[debug] [2020-04-26T14:29:02.473Z] ----------------------------------------------------------------------
[debug] [2020-04-26T14:29:02.476Z] Command:       C:\Program Files\nodejs\node.exe C:\Program Files\nodejs\node_modules\firebase-tools\lib\bin\firebase.js init
[debug] [2020-04-26T14:29:02.476Z] CLI Version:   8.1.1
[debug] [2020-04-26T14:29:02.476Z] Platform:      win32
[debug] [2020-04-26T14:29:02.476Z] Node Version:  v12.16.2
[debug] [2020-04-26T14:29:02.477Z] Time:          Sun Apr 26 2020 10:29:02 GMT-0400 (Eastern Daylight Time)
[debug] [2020-04-26T14:29:02.477Z] ----------------------------------------------------------------------
[debug] [2020-04-26T14:29:02.477Z] 
[debug] [2020-04-26T14:29:02.485Z] > command requires scopes: ["email","openid","https://www.googleapis.com/auth/cloudplatformprojects.readonly","https://www.googleapis.com/auth/firebase","https://www.googleapis.com/auth/cloud-platform"]
[debug] [2020-04-26T14:29:02.486Z] > authorizing via signed-in user
[info] 
     ######## #### ########  ######## ########     ###     ######  ########
     ##        ##  ##     ## ##       ##     ##  ##   ##  ##       ##
     ######    ##  ########  ######   ########  #########  ######  ######
     ##        ##  ##    ##  ##       ##     ## ##     ##       ## ##
     ##       #### ##     ## ######## ########  ##     ##  ######  ########

You're about to initialize a Firebase project in this directory:

  C:\dev\Projects\BlogPostApp1\blog-app-ui

Before we get started, keep in mind:

  * You are currently outside your home directory

